Resource Usage Report for root 

Mapping to part: m2s010vf400std
Cell usage:
AND3            1 use
CCC             1 use
CLKINT          4 uses
MSS_010         1 use
RCOSC_25_50MHZ  1 use
RCOSC_25_50MHZ_FAB  1 use
SYSRESET        1 use
CFG1           31 uses
CFG2           483 uses
CFG3           656 uses
CFG4           1211 uses

Carry cells:
ARI1            648 uses - used for arithmetic functions
ARI1            64 uses - used for Wide-Mux implementation
Total ARI1      712 uses


Sequential Cells: 
SLE            2096 uses

DSP Blocks:    0 of 22 (0%)

I/O ports: 73
I/O primitives: 72
INBUF          31 uses
OUTBUF         35 uses
TRIBUFF        6 uses


Global Clock Buffers: 4

Total LUTs:    3093

Extra resources required for RAM and MACC interface logic during P&R:

RAM64x18 Interface Logic : SLEs = 0; LUTs = 0;
RAM1K18  Interface Logic : SLEs = 0; LUTs = 0;
MACC     Interface Logic : SLEs = 0; LUTs = 0;

Total number of SLEs after P&R:  2096 + 0 + 0 + 0 = 2096;
Total number of LUTs after P&R:  3093 + 0 + 0 + 0 = 3093;

