Software Version: 2021.3.0.10
Programmer 'E2005KXNA3' : JTAG TCK / SPI SCK frequency = 1 MHz
programmer 'E2005KXNA3' : FlashPro5
Warning: The programmer with id 'E2006QE3OZ' in the project file cannot be detected and connected.
Opened 'B:\HERMESS_SPSoftware\Firmware\fpga\designer\root\root_fp\root.pro'
The 'open_project' command succeeded.
Info: Programming is already enabled for device 'M2S010'.
The 'enable_device' command succeeded.
PPD file 'B:/HERMESS_SPSoftware/Firmware/fpga/designer/root/root.ppd' has been loaded successfully.
DESIGN : root;  CHECKSUM : 9D71;  PDB_VERSION : 1.0
The 'set_programming_file' command succeeded.
The 'set_programming_action' command succeeded.
programmer 'E2005KXNA3' : Scan Chain...
Programmer 'E2005KXNA3' : JTAG TCK / SPI SCK frequency = 1 MHz
programmer 'E2005KXNA3' : Check Chain...
programmer 'E2005KXNA3' : Scan and Check Chain PASSED.
programmer 'E2005KXNA3' : device 'M2S010' : Executing action PROGRAM
Programmer 'E2005KXNA3' : JTAG TCK / SPI SCK frequency = 4 MHz
programmer 'E2005KXNA3' : device 'M2S010' : Family: SmartFusion2
programmer 'E2005KXNA3' : device 'M2S010' : Product:      M2S010
programmer 'E2005KXNA3' : device 'M2S010' : Cortex-M3 Enabled (M3_ALLOWED = 1)
programmer 'E2005KXNA3' : device 'M2S010' : Programming Interface Protocol: JTAG
programmer 'E2005KXNA3' : device 'M2S010' : EXPORT ISC_ENABLE_RESULT[32] = 007c6944
programmer 'E2005KXNA3' : device 'M2S010' : EXPORT CRCERR[1] = 0
programmer 'E2005KXNA3' : device 'M2S010' : EXPORT EDCERR[1] = 0
programmer 'E2005KXNA3' : device 'M2S010' : Programming FPGA Array...
programmer 'E2005KXNA3' : device 'M2S010' : EXPORT Fabric component digest[256] = a00a34c8c5f7bec51651366f57202a5891ccfb05d711c5c39b7532f7254758f6
programmer 'E2005KXNA3' : device 'M2S010' : ===================================================================================
programmer 'E2005KXNA3' : device 'M2S010' : EXPORT DSN[128] = 32dfde3f6718ce175c4f030fe8528c88
programmer 'E2005KXNA3' : device 'M2S010' : ===================================================================================
programmer 'E2005KXNA3' : device 'M2S010' : Finished: Fri Sep 30 22:11:44 2022 (Elapsed time 00:00:24)
programmer 'E2005KXNA3' : device 'M2S010' : Executing action PROGRAM PASSED.
programmer 'E2005KXNA3' : Chain programming PASSED.
Chain Programming Finished: Fri Sep 30 22:11:44 2022 (Elapsed time 00:00:24)

                        o - o - o - o - o - o

The 'run_selected_actions' command succeeded.
Project saved.
The 'save_project' command succeeded.
Project closed.
The 'close_project' command succeeded.
The Execute Script command succeeded.
