Software Version: 2021.3.0.10
Programmer 'E2006QE3OZ' : JTAG TCK / SPI SCK frequency = 1 MHz
programmer 'E2006QE3OZ' : FlashPro5
Opened 'C:\Users\jl\source\repos\hermess\hermess-MCU\hermess\designer\root\root_fp\root.pro'
The 'open_project' command succeeded.
Info: Programming is already enabled for device 'M2S010'.
The 'enable_device' command succeeded.
PPD file 'C:/Users/jl/source/repos/hermess/hermess-MCU/hermess/designer/root/root.ppd' has been loaded successfully.
DESIGN : root;  CHECKSUM : ABA8;  PDB_VERSION : 1.0
The 'set_programming_file' command succeeded.
The 'set_programming_action' command succeeded.
programmer 'E2006QE3OZ' : Scan Chain...
Programmer 'E2006QE3OZ' : JTAG TCK / SPI SCK frequency = 1 MHz
programmer 'E2006QE3OZ' : Check Chain...
programmer 'E2006QE3OZ' : Scan and Check Chain PASSED.
programmer 'E2006QE3OZ' : device 'M2S010' : Executing action PROGRAM
Programmer 'E2006QE3OZ' : JTAG TCK / SPI SCK frequency = 4 MHz
programmer 'E2006QE3OZ' : device 'M2S010' : Family: SmartFusion2
programmer 'E2006QE3OZ' : device 'M2S010' : Product:      M2S010
programmer 'E2006QE3OZ' : device 'M2S010' : Cortex-M3 Enabled (M3_ALLOWED = 1)
programmer 'E2006QE3OZ' : device 'M2S010' : Programming Interface Protocol: JTAG
programmer 'E2006QE3OZ' : device 'M2S010' : EXPORT ISC_ENABLE_RESULT[32] = 007b6744
programmer 'E2006QE3OZ' : device 'M2S010' : EXPORT CRCERR[1] = 0
programmer 'E2006QE3OZ' : device 'M2S010' : EXPORT EDCERR[1] = 0
programmer 'E2006QE3OZ' : device 'M2S010' : Programming FPGA Array and eNVM...
programmer 'E2006QE3OZ' : device 'M2S010' : EXPORT Fabric component digest[256] = d010862b1f4e91ec08df30f48e0da6d916a3756933052e7cab55b0702b0bfc17
programmer 'E2006QE3OZ' : device 'M2S010' : EXPORT eNVM component digest[256] = 074bd68e74e9af9114ec2ed2ad9585dce6de63c9d56d3655d2d363bbe4d1f006
programmer 'E2006QE3OZ' : device 'M2S010' : ===================================================================================
programmer 'E2006QE3OZ' : device 'M2S010' : EXPORT DSN[128] = bb71370179e52ed2328268dd9a9be778
programmer 'E2006QE3OZ' : device 'M2S010' : ===================================================================================
programmer 'E2006QE3OZ' : device 'M2S010' : Finished: Sun Mar 20 00:05:31 2022 (Elapsed time 00:00:26)
programmer 'E2006QE3OZ' : device 'M2S010' : Executing action PROGRAM PASSED.
programmer 'E2006QE3OZ' : Chain programming PASSED.
Chain Programming Finished: Sun Mar 20 00:05:31 2022 (Elapsed time 00:00:26)

                        o - o - o - o - o - o

The 'run_selected_actions' command succeeded.
Project saved.
The 'save_project' command succeeded.
Project closed.
The 'close_project' command succeeded.
The Execute Script command succeeded.
