
                               Synplify Pro (R) 

                Version R-2021.03M-SP1 for win64 - Oct 12, 2021 

                    Copyright (c) 1988 - 2021 Synopsys, Inc.
   This software and the associated documentation are proprietary to Synopsys,
 Inc. This software may only be used in accordance with the terms and conditions
 of a written license agreement with Synopsys, Inc. All other use, reproduction,
            or distribution of this software is strictly prohibited.

Starting:    C:\Microsemi\Libero_SoC_v2021.3\SynplifyPro\bin64\mbin\synbatch.exe
Install:     C:\Microsemi\Libero_SoC_v2021.3\SynplifyPro
Hostname:    DESKTOP-JON32I6
Date:        Sat Feb 11 17:28:08 2023
Version:     R-2021.03M-SP1

Arguments:   -product synplify_pro -licensetype synplifypro_actel -batch -log synplify.log root_syn.tcl
ProductType: synplify_pro

License checkout: synplifypro_actel
License: synplifypro_actel node-locked 
Licensed Vendor: actel
License Option: actel_oem

Running in Vendor Mode

auto_infer_blackbox is not supported in current product.
log file: "C:\Users\RG\Documents\Firmware\fpga\synthesis\root.srr"
Running: synthesis in foreground

Running root_syn|synthesis

Running Flow: compile (Compile) on root_syn|synthesis
# Sat Feb 11 17:28:09 2023

Running Flow: compile_flow (Compile Process) on root_syn|synthesis
# Sat Feb 11 17:28:09 2023

Running: compiler (Compile Input) on root_syn|synthesis
# Sat Feb 11 17:28:09 2023
Copied C:\Users\RG\Documents\Firmware\fpga\synthesis\synwork\root_comp.srs to C:\Users\RG\Documents\Firmware\fpga\synthesis\root.srs

compiler completed
# Sat Feb 11 17:28:17 2023

Return Code: 0
Run Time:00h:00m:08s

Running: multi_srs_gen (Multi-srs Generator) on root_syn|synthesis
# Sat Feb 11 17:28:17 2023

multi_srs_gen completed
# Sat Feb 11 17:28:17 2023

Return Code: 0
Run Time:00h:00m:00s
Copied C:\Users\RG\Documents\Firmware\fpga\synthesis\synwork\root_mult.srs to C:\Users\RG\Documents\Firmware\fpga\synthesis\root.srs
Complete: Compile Process on root_syn|synthesis

Running: premap (Premap) on root_syn|synthesis
# Sat Feb 11 17:28:17 2023

premap completed with warnings
# Sat Feb 11 17:28:20 2023

Return Code: 1
Run Time:00h:00m:03s
Complete: Compile on root_syn|synthesis

Running Flow: map (Map) on root_syn|synthesis
# Sat Feb 11 17:28:20 2023
License granted for 4 parallel jobs

Running: fpga_mapper (Map & Optimize) on root_syn|synthesis
# Sat Feb 11 17:28:20 2023
Copied C:\Users\RG\Documents\Firmware\fpga\synthesis\synwork\root_m.srm to C:\Users\RG\Documents\Firmware\fpga\synthesis\root.srm

fpga_mapper completed with warnings
# Sat Feb 11 17:28:33 2023

Return Code: 1
Run Time:00h:00m:13s
Complete: Map on root_syn|synthesis
Complete: Logic Synthesis on root_syn|synthesis
TCL script complete: "root_syn.tcl"
exit status=0
exit status=0
License checkin: synplifypro_actel
