
Copyright (C) 1994-2021 Synopsys, Inc.
This Synopsys software and all associated documentation are proprietary to Synopsys, Inc.
and may only be used pursuant to the terms and conditions of a written license agreement
with Synopsys, Inc. All other use, reproduction, modification, or distribution of the
Synopsys software or the associated documentation is strictly prohibited.
Tool: Synplify Pro (R)
Build: R-2021.03M-SP1
Install: J:\LiberoSoC\SynplifyPro
OS: Windows 6.2

Hostname: LUS210

Implementation : synthesis
Synopsys HDL compiler and linker, Version comp202103synp2, Build 168R, Built Oct 12 2021 09:17:10, @

Modified Files: 6
FID:  path (prevtimestamp, timestamp)
7        C:\Users\jl\source\repos\hermess\hermess-MCU\hermess\component\work\root\root.vhd (2022-03-19 23:42:35, 2022-03-19 23:49:48)
8        C:\Users\jl\source\repos\hermess\hermess-MCU\hermess\component\work\root_sb\CCC_0\root_sb_CCC_0_FCCC.vhd (2022-03-19 22:42:34, 2022-03-19 23:48:37)
9        C:\Users\jl\source\repos\hermess\hermess-MCU\hermess\component\work\root_sb\FABOSC_0\root_sb_FABOSC_0_OSC.vhd (2022-03-19 22:42:35, 2022-03-19 23:48:39)
10       C:\Users\jl\source\repos\hermess\hermess-MCU\hermess\component\work\root_sb\root_sb.vhd (2022-03-19 22:42:36, 2022-03-19 23:48:39)
11       C:\Users\jl\source\repos\hermess\hermess-MCU\hermess\component\work\root_sb_MSS\root_sb_MSS.vhd (2022-03-19 22:42:31, 2022-03-19 23:48:34)
12       C:\Users\jl\source\repos\hermess\hermess-MCU\hermess\component\work\root_sb_MSS\root_sb_MSS_syn.vhd (2022-03-19 22:42:31, 2022-03-19 23:48:34)

*******************************************************************
Modules that may have changed as a result of file changes: 19
MID:  lib.cell.view
0        coreapb3_lib.coreapb3.coreapb3_arch may have changed because the following files changed:
                        C:\Users\jl\source\repos\hermess\hermess-MCU\hermess\component\work\root\root.vhd (2022-03-19 23:42:35, 2022-03-19 23:49:48) <-- (may instantiate this module)
                        C:\Users\jl\source\repos\hermess\hermess-MCU\hermess\component\work\root_sb\root_sb.vhd (2022-03-19 22:42:36, 2022-03-19 23:48:39) <-- (may instantiate this module)
2        coreapb3_lib.coreapb3_iaddr_reg.rtl may have changed because the following files changed:
                        C:\Users\jl\source\repos\hermess\hermess-MCU\hermess\component\work\root\root.vhd (2022-03-19 23:42:35, 2022-03-19 23:49:48) <-- (may instantiate this module)
                        C:\Users\jl\source\repos\hermess\hermess-MCU\hermess\component\work\root_sb\root_sb.vhd (2022-03-19 22:42:36, 2022-03-19 23:48:39) <-- (may instantiate this module)
4        coreapb3_lib.coreapb3_muxptob3.coreapb3_muxptob3_arch may have changed because the following files changed:
                        C:\Users\jl\source\repos\hermess\hermess-MCU\hermess\component\work\root\root.vhd (2022-03-19 23:42:35, 2022-03-19 23:49:48) <-- (may instantiate this module)
                        C:\Users\jl\source\repos\hermess\hermess-MCU\hermess\component\work\root_sb\root_sb.vhd (2022-03-19 22:42:36, 2022-03-19 23:48:39) <-- (may instantiate this module)
6        work.coreresetp.rtl may have changed because the following files changed:
                        C:\Users\jl\source\repos\hermess\hermess-MCU\hermess\component\work\root\root.vhd (2022-03-19 23:42:35, 2022-03-19 23:49:48) <-- (may instantiate this module)
                        C:\Users\jl\source\repos\hermess\hermess-MCU\hermess\component\work\root_sb\root_sb.vhd (2022-03-19 22:42:36, 2022-03-19 23:48:39) <-- (may instantiate this module)
8        work.coreresetp_pcie_hotreset.rtl may have changed because the following files changed:
                        C:\Users\jl\source\repos\hermess\hermess-MCU\hermess\component\work\root\root.vhd (2022-03-19 23:42:35, 2022-03-19 23:49:48) <-- (may instantiate this module)
                        C:\Users\jl\source\repos\hermess\hermess-MCU\hermess\component\work\root_sb\root_sb.vhd (2022-03-19 22:42:36, 2022-03-19 23:48:39) <-- (may instantiate this module)
10       work.mss_010.def_arch may have changed because the following files changed:
                        C:\Users\jl\source\repos\hermess\hermess-MCU\hermess\component\work\root\root.vhd (2022-03-19 23:42:35, 2022-03-19 23:49:48) <-- (may instantiate this module)
                        C:\Users\jl\source\repos\hermess\hermess-MCU\hermess\component\work\root_sb\root_sb.vhd (2022-03-19 22:42:36, 2022-03-19 23:48:39) <-- (may instantiate this module)
                        C:\Users\jl\source\repos\hermess\hermess-MCU\hermess\component\work\root_sb_MSS\root_sb_MSS.vhd (2022-03-19 22:42:31, 2022-03-19 23:48:34) <-- (may instantiate this module)
                        C:\Users\jl\source\repos\hermess\hermess-MCU\hermess\component\work\root_sb_MSS\root_sb_MSS_syn.vhd (2022-03-19 22:42:31, 2022-03-19 23:48:34) <-- (architecture and entity definition)
12       work.rcosc_1mhz.def_arch may have changed because the following files changed:
                        C:\Users\jl\source\repos\hermess\hermess-MCU\hermess\component\work\root\root.vhd (2022-03-19 23:42:35, 2022-03-19 23:49:48) <-- (may instantiate this module)
                        C:\Users\jl\source\repos\hermess\hermess-MCU\hermess\component\work\root_sb\FABOSC_0\root_sb_FABOSC_0_OSC.vhd (2022-03-19 22:42:35, 2022-03-19 23:48:39) <-- (may instantiate this module)
                        C:\Users\jl\source\repos\hermess\hermess-MCU\hermess\component\work\root_sb\root_sb.vhd (2022-03-19 22:42:36, 2022-03-19 23:48:39) <-- (may instantiate this module)
14       work.rcosc_1mhz_fab.def_arch may have changed because the following files changed:
                        C:\Users\jl\source\repos\hermess\hermess-MCU\hermess\component\work\root\root.vhd (2022-03-19 23:42:35, 2022-03-19 23:49:48) <-- (may instantiate this module)
                        C:\Users\jl\source\repos\hermess\hermess-MCU\hermess\component\work\root_sb\FABOSC_0\root_sb_FABOSC_0_OSC.vhd (2022-03-19 22:42:35, 2022-03-19 23:48:39) <-- (may instantiate this module)
                        C:\Users\jl\source\repos\hermess\hermess-MCU\hermess\component\work\root_sb\root_sb.vhd (2022-03-19 22:42:36, 2022-03-19 23:48:39) <-- (may instantiate this module)
16       work.rcosc_25_50mhz.def_arch may have changed because the following files changed:
                        C:\Users\jl\source\repos\hermess\hermess-MCU\hermess\component\work\root\root.vhd (2022-03-19 23:42:35, 2022-03-19 23:49:48) <-- (may instantiate this module)
                        C:\Users\jl\source\repos\hermess\hermess-MCU\hermess\component\work\root_sb\FABOSC_0\root_sb_FABOSC_0_OSC.vhd (2022-03-19 22:42:35, 2022-03-19 23:48:39) <-- (may instantiate this module)
                        C:\Users\jl\source\repos\hermess\hermess-MCU\hermess\component\work\root_sb\root_sb.vhd (2022-03-19 22:42:36, 2022-03-19 23:48:39) <-- (may instantiate this module)
18       work.rcosc_25_50mhz_fab.def_arch may have changed because the following files changed:
                        C:\Users\jl\source\repos\hermess\hermess-MCU\hermess\component\work\root\root.vhd (2022-03-19 23:42:35, 2022-03-19 23:49:48) <-- (may instantiate this module)
                        C:\Users\jl\source\repos\hermess\hermess-MCU\hermess\component\work\root_sb\FABOSC_0\root_sb_FABOSC_0_OSC.vhd (2022-03-19 22:42:35, 2022-03-19 23:48:39) <-- (may instantiate this module)
                        C:\Users\jl\source\repos\hermess\hermess-MCU\hermess\component\work\root_sb\root_sb.vhd (2022-03-19 22:42:36, 2022-03-19 23:48:39) <-- (may instantiate this module)
20       work.root.rtl may have changed because the following files changed:
                        C:\Users\jl\source\repos\hermess\hermess-MCU\hermess\component\work\root\root.vhd (2022-03-19 23:42:35, 2022-03-19 23:49:48) <-- (architecture and entity definition)
22       work.root_sb.rtl may have changed because the following files changed:
                        C:\Users\jl\source\repos\hermess\hermess-MCU\hermess\component\work\root\root.vhd (2022-03-19 23:42:35, 2022-03-19 23:49:48) <-- (may instantiate this module)
                        C:\Users\jl\source\repos\hermess\hermess-MCU\hermess\component\work\root_sb\root_sb.vhd (2022-03-19 22:42:36, 2022-03-19 23:48:39) <-- (architecture and entity definition)
24       work.root_sb_ccc_0_fccc.def_arch may have changed because the following files changed:
                        C:\Users\jl\source\repos\hermess\hermess-MCU\hermess\component\work\root\root.vhd (2022-03-19 23:42:35, 2022-03-19 23:49:48) <-- (may instantiate this module)
                        C:\Users\jl\source\repos\hermess\hermess-MCU\hermess\component\work\root_sb\CCC_0\root_sb_CCC_0_FCCC.vhd (2022-03-19 22:42:34, 2022-03-19 23:48:37) <-- (architecture and entity definition)
                        C:\Users\jl\source\repos\hermess\hermess-MCU\hermess\component\work\root_sb\root_sb.vhd (2022-03-19 22:42:36, 2022-03-19 23:48:39) <-- (may instantiate this module)
26       work.root_sb_fabosc_0_osc.def_arch may have changed because the following files changed:
                        C:\Users\jl\source\repos\hermess\hermess-MCU\hermess\component\work\root\root.vhd (2022-03-19 23:42:35, 2022-03-19 23:49:48) <-- (may instantiate this module)
                        C:\Users\jl\source\repos\hermess\hermess-MCU\hermess\component\work\root_sb\FABOSC_0\root_sb_FABOSC_0_OSC.vhd (2022-03-19 22:42:35, 2022-03-19 23:48:39) <-- (architecture and entity definition)
                        C:\Users\jl\source\repos\hermess\hermess-MCU\hermess\component\work\root_sb\root_sb.vhd (2022-03-19 22:42:36, 2022-03-19 23:48:39) <-- (may instantiate this module)
28       work.root_sb_mss.rtl may have changed because the following files changed:
                        C:\Users\jl\source\repos\hermess\hermess-MCU\hermess\component\work\root\root.vhd (2022-03-19 23:42:35, 2022-03-19 23:49:48) <-- (may instantiate this module)
                        C:\Users\jl\source\repos\hermess\hermess-MCU\hermess\component\work\root_sb\root_sb.vhd (2022-03-19 22:42:36, 2022-03-19 23:48:39) <-- (may instantiate this module)
                        C:\Users\jl\source\repos\hermess\hermess-MCU\hermess\component\work\root_sb_MSS\root_sb_MSS.vhd (2022-03-19 22:42:31, 2022-03-19 23:48:34) <-- (architecture and entity definition)
30       work.spi_master.logic may have changed because the following files changed:
                        C:\Users\jl\source\repos\hermess\hermess-MCU\hermess\component\work\root\root.vhd (2022-03-19 23:42:35, 2022-03-19 23:49:48) <-- (may instantiate this module)
32       work.stamp.architecture_stamp may have changed because the following files changed:
                        C:\Users\jl\source\repos\hermess\hermess-MCU\hermess\component\work\root\root.vhd (2022-03-19 23:42:35, 2022-03-19 23:49:48) <-- (may instantiate this module)
34       work.xtlosc.def_arch may have changed because the following files changed:
                        C:\Users\jl\source\repos\hermess\hermess-MCU\hermess\component\work\root\root.vhd (2022-03-19 23:42:35, 2022-03-19 23:49:48) <-- (may instantiate this module)
                        C:\Users\jl\source\repos\hermess\hermess-MCU\hermess\component\work\root_sb\FABOSC_0\root_sb_FABOSC_0_OSC.vhd (2022-03-19 22:42:35, 2022-03-19 23:48:39) <-- (may instantiate this module)
                        C:\Users\jl\source\repos\hermess\hermess-MCU\hermess\component\work\root_sb\root_sb.vhd (2022-03-19 22:42:36, 2022-03-19 23:48:39) <-- (may instantiate this module)
36       work.xtlosc_fab.def_arch may have changed because the following files changed:
                        C:\Users\jl\source\repos\hermess\hermess-MCU\hermess\component\work\root\root.vhd (2022-03-19 23:42:35, 2022-03-19 23:49:48) <-- (may instantiate this module)
                        C:\Users\jl\source\repos\hermess\hermess-MCU\hermess\component\work\root_sb\FABOSC_0\root_sb_FABOSC_0_OSC.vhd (2022-03-19 22:42:35, 2022-03-19 23:48:39) <-- (may instantiate this module)
                        C:\Users\jl\source\repos\hermess\hermess-MCU\hermess\component\work\root_sb\root_sb.vhd (2022-03-19 22:42:36, 2022-03-19 23:48:39) <-- (may instantiate this module)

*******************************************************************
Unmodified files: 20
FID:  path (timestamp)
0        C:\Users\jl\source\repos\hermess\hermess-MCU\hermess\component\Actel\DirectCore\CoreAPB3\4.1.100\rtl\vhdl\core\components.vhd (2022-03-17 20:43:13)
1        C:\Users\jl\source\repos\hermess\hermess-MCU\hermess\component\Actel\DirectCore\CoreAPB3\4.1.100\rtl\vhdl\core\coreapb3.vhd (2022-03-17 20:43:13)
2        C:\Users\jl\source\repos\hermess\hermess-MCU\hermess\component\Actel\DirectCore\CoreAPB3\4.1.100\rtl\vhdl\core\coreapb3_iaddr_reg.vhd (2022-03-17 20:43:13)
3        C:\Users\jl\source\repos\hermess\hermess-MCU\hermess\component\Actel\DirectCore\CoreAPB3\4.1.100\rtl\vhdl\core\coreapb3_muxptob3.vhd (2022-03-17 20:43:13)
4        C:\Users\jl\source\repos\hermess\hermess-MCU\hermess\component\Actel\DirectCore\CoreResetP\7.1.100\rtl\vhdl\core\coreresetp.vhd (2022-03-17 14:27:04)
5        C:\Users\jl\source\repos\hermess\hermess-MCU\hermess\component\Actel\DirectCore\CoreResetP\7.1.100\rtl\vhdl\core\coreresetp_pcie_hotreset.vhd (2022-03-17 14:27:04)
6        C:\Users\jl\source\repos\hermess\hermess-MCU\hermess\component\Actel\SgCore\OSC\2.0.101\osc_comps.vhd (2022-03-17 14:27:05)
13       C:\Users\jl\source\repos\hermess\hermess-MCU\hermess\hdl\STAMP.vhd (2022-03-19 22:28:37)
14       C:\Users\jl\source\repos\hermess\hermess-MCU\hermess\hdl\spi_master.vhd (2022-03-19 22:28:37)
15       J:\LiberoSoC\SynplifyPro\lib\generic\smartfusion2.vhd (2021-11-09 12:10:39)
16       J:\LiberoSoC\SynplifyPro\lib\vhd2008\arith.vhd (2021-11-09 12:10:40)
17       J:\LiberoSoC\SynplifyPro\lib\vhd2008\location.map (2021-11-09 12:10:40)
18       J:\LiberoSoC\SynplifyPro\lib\vhd2008\numeric.vhd (2021-11-09 12:10:40)
19       J:\LiberoSoC\SynplifyPro\lib\vhd2008\std.vhd (2021-11-09 12:10:40)
20       J:\LiberoSoC\SynplifyPro\lib\vhd2008\std1164.vhd (2021-11-09 12:10:40)
21       J:\LiberoSoC\SynplifyPro\lib\vhd2008\std_textio.vhd (2021-11-09 12:10:40)
22       J:\LiberoSoC\SynplifyPro\lib\vhd2008\unsigned.vhd (2021-11-09 12:10:40)
23       J:\LiberoSoC\SynplifyPro\lib\vhd\hyperents.vhd (2021-11-09 12:10:40)
24       J:\LiberoSoC\SynplifyPro\lib\vhd\snps_haps_pkg.vhd (2021-11-09 12:10:40)
25       J:\LiberoSoC\SynplifyPro\lib\vhd\umr_capim.vhd (2021-11-09 12:10:40)

*******************************************************************
Unchanged modules: 0
MID:  lib.cell.view
